[
  {
    age: 90,
    name: 'Dianne Feinstein',
    state: 'CA',
    type: 'sen'
  },
  {
    age: 87,
    name: 'Grace F. Napolitano',
    state: 'CA',
    type: 'rep'
  },
  {
    age: 86,
    name: 'Eleanor Holmes Norton',
    state: 'DC',
    type: 'rep'
  },
  {
    age: 85,
    name: 'Maxine Waters',
    state: 'CA',
    type: 'rep'
  },
  {
    age: 83,
    name: 'Nancy Pelosi',
    state: 'CA',
    type: 'rep'
  },
  {
    age: 81,
    name: 'Anna G. Eshoo',
    state: 'CA',
    type: 'rep'
  },
  {
    age: 81,
    name: 'Frederica S. Wilson',
    state: 'FL',
    type: 'rep'
  },
  {
    age: 80,
    name: 'Rosa L. DeLauro',
    state: 'CT',
    type: 'rep'
  },
  {
    age: 79,
    name: 'Doris O. Matsui',
    state: 'CA',
    type: 'rep'
  },
  {
    age: 79,
    name: 'Janice D. Schakowsky',
    state: 'IL',
    type: 'rep'
  },
  {
    age: 78,
    name: 'Bonnie Watson Coleman',
    state: 'NJ',
    type: 'rep'
  },
  {
    age: 77,
    name: 'Alma S. Adams',
    state: 'NC',
    type: 'rep'
  },
  {
    age: 77,
    name: 'Barbara Lee',
    state: 'CA',
    type: 'rep'
  },
  {
    age: 77,
    name: 'Marcy Kaptur',
    state: 'OH',
    type: 'rep'
  },
  {
    age: 76,
    name: 'Jeanne Shaheen',
    state: 'NH',
    type: 'sen'
  },
  {
    age: 76,
    name: 'Mazie K. Hirono',
    state: 'HI',
    type: 'sen'
  },
  {
    age: 76,
    name: 'Zoe Lofgren',
    state: 'CA',
    type: 'rep'
  },
  {
    age: 75,
    name: 'Lois Frankel',
    state: 'FL',
    type: 'rep'
  },
  {
    age: 74,
    name: 'Elizabeth Warren',
    state: 'MA',
    type: 'sen'
  },
  {
    age: 73,
    name: 'Debbie Stabenow',
    state: 'MI',
    type: 'sen'
  },
  {
    age: 73,
    name: 'Dina Titus',
    state: 'NV',
    type: 'rep'
  },
  {
    age: 73,
    name: 'Joyce Beatty',
    state: 'OH',
    type: 'rep'
  },
  {
    age: 73,
    name: 'Patty Murray',
    state: 'WA',
    type: 'sen'
  },
  {
    age: 73,
    name: 'Sheila Jackson Lee',
    state: 'TX',
    type: 'rep'
  },
  {
    age: 73,
    name: 'Sylvia R. Garcia',
    state: 'TX',
    type: 'rep'
  },
  {
    age: 72,
    name: 'Gwen Moore',
    state: 'WI',
    type: 'rep'
  },
  {
    age: 71,
    name: 'Julia Brownley',
    state: 'CA',
    type: 'rep'
  },
  {
    age: 70,
    name: 'Debbie Dingell',
    state: 'MI',
    type: 'rep'
  },
  {
    age: 70,
    name: 'Judy Chu',
    state: 'CA',
    type: 'rep'
  },
  {
    age: 70,
    name: 'Nydia M. Velázquez',
    state: 'NY',
    type: 'rep'
  },
  {
    age: 69,
    name: 'Betty McCollum',
    state: 'MN',
    type: 'rep'
  },
  {
    age: 69,
    name: 'Suzanne Bonamici',
    state: 'OR',
    type: 'rep'
  },
  {
    age: 68,
    name: 'Chellie Pingree',
    state: 'ME',
    type: 'rep'
  },
  {
    age: 67,
    name: 'Ann M. Kuster',
    state: 'NH',
    type: 'rep'
  },
  {
    age: 67,
    name: 'Kathy E. Manning',
    state: 'NC',
    type: 'rep'
  },
  {
    age: 67,
    name: 'Robin L. Kelly',
    state: 'IL',
    type: 'rep'
  },
  {
    age: 67,
    name: 'Valerie P. Foushee',
    state: 'NC',
    type: 'rep'
  },
  {
    age: 66,
    name: 'Diana DeGette',
    state: 'CO',
    type: 'rep'
  },
  {
    age: 66,
    name: 'Jacky Rosen',
    state: 'NV',
    type: 'sen'
  },
  {
    age: 66,
    name: 'Susan Wild',
    state: 'PA',
    type: 'rep'
  },
  {
    age: 65,
    name: 'Margaret Wood Hassan',
    state: 'NH',
    type: 'sen'
  },
  {
    age: 65,
    name: 'Maria Cantwell',
    state: 'WA',
    type: 'sen'
  },
  {
    age: 65,
    name: 'Tina Smith',
    state: 'MN',
    type: 'sen'
  },
  {
    age: 64,
    name: 'Madeleine Dean',
    state: 'PA',
    type: 'rep'
  },
  {
    age: 64,
    name: 'Mary Gay Scanlon',
    state: 'PA',
    type: 'rep'
  },
  {
    age: 64,
    name: 'Teresa Leger Fernandez',
    state: 'NM',
    type: 'rep'
  },
  {
    age: 63,
    name: 'Amy Klobuchar',
    state: 'MN',
    type: 'sen'
  },
  {
    age: 63,
    name: 'Lucy McBath',
    state: 'GA',
    type: 'rep'
  },
  {
    age: 61,
    name: 'Lisa Blunt Rochester',
    state: 'DE',
    type: 'rep'
  },
  {
    age: 61,
    name: 'Marilyn Strickland',
    state: 'WA',
    type: 'rep'
  },
  {
    age: 61,
    name: 'Suzan K. DelBene',
    state: 'WA',
    type: 'rep'
  },
  {
    age: 61,
    name: 'Tammy Baldwin',
    state: 'WI',
    type: 'sen'
  },
  {
    age: 60,
    name: 'Deborah K. Ross',
    state: 'NC',
    type: 'rep'
  },
  {
    age: 60,
    name: 'Katherine M. Clark',
    state: 'MA',
    type: 'rep'
  },
  {
    age: 59,
    name: 'Catherine Cortez Masto',
    state: 'NV',
    type: 'sen'
  },
  {
    age: 59,
    name: 'Val T. Hoyle',
    state: 'OR',
    type: 'rep'
  },
  {
    age: 59,
    name: 'Yvette D. Clarke',
    state: 'NY',
    type: 'rep'
  },
  {
    age: 58,
    name: 'Norma J. Torres',
    state: 'CA',
    type: 'rep'
  },
  {
    age: 58,
    name: 'Pramila Jayapal',
    state: 'WA',
    type: 'rep'
  },
  {
    age: 58,
    name: 'Terri A. Sewell',
    state: 'AL',
    type: 'rep'
  },
  {
    age: 57,
    name: 'Debbie Wasserman Schultz',
    state: 'FL',
    type: 'rep'
  },
  {
    age: 57,
    name: 'Kathy Castor',
    state: 'FL',
    type: 'rep'
  },
  {
    age: 57,
    name: 'Kirsten E. Gillibrand',
    state: 'NY',
    type: 'sen'
  },
  {
    age: 57,
    name: 'Stacey E. Plaskett',
    state: 'VI',
    type: 'rep'
  },
  {
    age: 57,
    name: 'Susie Lee',
    state: 'NV',
    type: 'rep'
  },
  {
    age: 56,
    name: 'Chrissy Houlahan',
    state: 'PA',
    type: 'rep'
  },
  {
    age: 55,
    name: 'Becca Balint',
    state: 'VT',
    type: 'rep'
  },
  {
    age: 55,
    name: 'Jennifer Wexton',
    state: 'VA',
    type: 'rep'
  },
  {
    age: 55,
    name: 'Kim Schrier',
    state: 'WA',
    type: 'rep'
  },
  {
    age: 55,
    name: 'Tammy Duckworth',
    state: 'IL',
    type: 'sen'
  },
  {
    age: 54,
    name: 'Andrea Salinas',
    state: 'OR',
    type: 'rep'
  },
  {
    age: 54,
    name: 'Linda T. Sánchez',
    state: 'CA',
    type: 'rep'
  },
  {
    age: 54,
    name: 'Veronica Escobar',
    state: 'TX',
    type: 'rep'
  },
  {
    age: 51,
    name: 'Angie Craig',
    state: 'MN',
    type: 'rep'
  },
  {
    age: 51,
    name: 'Jennifer L. McClellan',
    state: 'VA',
    type: 'rep'
  },
  {
    age: 51,
    name: 'Mikie Sherrill',
    state: 'NJ',
    type: 'rep'
  },
  {
    age: 51,
    name: 'Sydney Kamlager-Dove',
    state: 'CA',
    type: 'rep'
  },
  {
    age: 50,
    name: 'Jahana Hayes',
    state: 'CT',
    type: 'rep'
  },
  {
    age: 50,
    name: 'Lori Trahan',
    state: 'MA',
    type: 'rep'
  },
  {
    age: 50,
    name: 'Mary Sattler Peltola',
    state: 'AK',
    type: 'rep'
  },
  {
    age: 49,
    name: 'Ayanna Pressley',
    state: 'MA',
    type: 'rep'
  },
  {
    age: 49,
    name: 'Katie Porter',
    state: 'CA',
    type: 'rep'
  },
  {
    age: 48,
    name: 'Grace Meng',
    state: 'NY',
    type: 'rep'
  },
  {
    age: 48,
    name: 'Lizzie Fletcher',
    state: 'TX',
    type: 'rep'
  },
  {
    age: 48,
    name: 'Shontel M. Brown',
    state: 'OH',
    type: 'rep'
  },
  {
    age: 47,
    name: 'Cori Bush',
    state: 'MO',
    type: 'rep'
  },
  {
    age: 47,
    name: 'Elissa Slotkin',
    state: 'MI',
    type: 'rep'
  },
  {
    age: 47,
    name: 'Jill N. Tokuda',
    state: 'HI',
    type: 'rep'
  },
  {
    age: 47,
    name: 'Nanette Diaz Barragán',
    state: 'CA',
    type: 'rep'
  },
  {
    age: 47,
    name: 'Rashida Tlaib',
    state: 'MI',
    type: 'rep'
  },
  {
    age: 46,
    name: 'Nikki Budzinski',
    state: 'IL',
    type: 'rep'
  },
  {
    age: 45,
    name: 'Nikema Williams',
    state: 'GA',
    type: 'rep'
  },
  {
    age: 44,
    name: 'Abigail Davis Spanberger',
    state: 'VA',
    type: 'rep'
  },
  {
    age: 44,
    name: 'Melanie A. Stansbury',
    state: 'NM',
    type: 'rep'
  },
  {
    age: 44,
    name: 'Sheila Cherfilus-McCormick',
    state: 'FL',
    type: 'rep'
  },
  {
    age: 43,
    name: 'Sharice Davids',
    state: 'KS',
    type: 'rep'
  },
  {
    age: 43,
    name: 'Yadira Caraveo',
    state: 'CO',
    type: 'rep'
  },
  {
    age: 42,
    name: 'Brittany Pettersen',
    state: 'CO',
    type: 'rep'
  },
  {
    age: 42,
    name: 'Ilhan Omar',
    state: 'MN',
    type: 'rep'
  },
  {
    age: 42,
    name: 'Jasmine Crockett',
    state: 'TX',
    type: 'rep'
  },
  {
    age: 41,
    name: 'Hillary J. Scholten',
    state: 'MI',
    type: 'rep'
  },
  {
    age: 40,
    name: 'Delia C. Ramirez',
    state: 'IL',
    type: 'rep'
  },
  {
    age: 40,
    name: 'Haley M. Stevens',
    state: 'MI',
    type: 'rep'
  },
  {
    age: 37,
    name: 'Emilia Strong Sykes',
    state: 'OH',
    type: 'rep'
  },
  {
    age: 37,
    name: 'Lauren Underwood',
    state: 'IL',
    type: 'rep'
  },
  {
    age: 36,
    name: 'Summer L. Lee',
    state: 'PA',
    type: 'rep'
  },
  {
    age: 35,
    name: 'Marie Gluesenkamp Perez',
    state: 'WA',
    type: 'rep'
  },
  {
    age: 34,
    name: 'Alexandria Ocasio-Cortez',
    state: 'NY',
    type: 'rep'
  },
  {
    age: 34,
    name: 'Sara Jacobs',
    state: 'CA',
    type: 'rep'
  }
]
