[
  {
    name: 'Ben Ray Luján'
  },
  {
    name: 'Benjamin L. Cardin'
  },
  {
    name: 'Bernard Sanders'
  },
  {
    name: 'Bill Cassidy'
  },
  {
    name: 'Charles E. Schumer'
  },
  {
    name: 'Chris Van Hollen'
  },
  {
    name: 'Christopher Murphy'
  },
  {
    name: 'Chuck Grassley'
  },
  {
    name: 'Cynthia M. Lummis'
  },
  {
    name: 'Debbie Stabenow'
  },
  {
    name: 'Edward J. Markey'
  },
  {
    name: 'Gary C. Peters'
  },
  {
    name: 'Jack Reed'
  },
  {
    name: 'Jacky Rosen'
  },
  {
    name: 'James Lankford'
  },
  {
    name: 'Jerry Moran'
  },
  {
    name: 'John Boozman'
  },
  {
    name: 'John Thune'
  },
  {
    name: 'Kevin Cramer'
  },
  {
    name: 'Kirsten E. Gillibrand'
  },
  {
    name: 'Kyrsten Sinema'
  },
  {
    name: 'Lindsey Graham'
  },
  {
    name: 'Maria Cantwell'
  },
  {
    name: 'Markwayne Mullin'
  },
  {
    name: 'Marsha Blackburn'
  },
  {
    name: 'Martin Heinrich'
  },
  {
    name: 'Mazie K. Hirono'
  },
  {
    name: 'Mike Crapo'
  },
  {
    name: 'Peter Welch'
  },
  {
    name: 'Richard J. Durbin'
  },
  {
    name: 'Robert Menendez'
  },
  {
    name: 'Roger F. Wicker'
  },
  {
    name: 'Roger Marshall'
  },
  {
    name: 'Ron Wyden'
  },
  {
    name: 'Shelley Moore Capito'
  },
  {
    name: 'Sherrod Brown'
  },
  {
    name: 'Steve Daines'
  },
  {
    name: 'Tammy Baldwin'
  },
  {
    name: 'Tammy Duckworth'
  },
  {
    name: 'Ted Budd'
  },
  {
    name: 'Thomas R. Carper'
  },
  {
    name: 'Tim Scott'
  },
  {
    name: 'Todd Young'
  },
  {
    name: 'Tom Cotton'
  }
]
